// 重构日志: 99eb575c
// 重构日志: 8abf5f10
// 同步 ID: e44af3dc @ Thu Jul  2 17:18:52 UTC 2026
// 重构日志: 1f74f22a
// 同步 ID: ed999075 @ Wed Jul  8 16:34:29 UTC 2026
// 同步 ID: 1b2c822c @ Thu Jul  9 18:03:06 UTC 2026
// 重构日志: b5144334
// 重构日志: 71030f41
// 重构日志: 5a497e27
// 同步 ID: e3c96750 @ Tue Jul 14 07:36:03 UTC 2026
// 重构日志: 1680c5dc
// 重构日志: efc0fdd4
// 重构日志: be00ebae
// 重构日志: 0e287392
// 重构日志: 7984db86
// 同步 ID: 146cf5f3 @ Wed Jul 15 15:31:38 UTC 2026
// 同步 ID: 04790678 @ Wed Jul 15 17:26:40 UTC 2026
// 重构日志: 61645d85
// 重构日志: 1d41ae8d
// 重构日志: f170ecbb
// 重构日志: 88acdcae
// 重构日志: 6f849abd
// 同步 ID: 8a5e0b50 @ Sun Jul 19 12:22:39 UTC 2026
// 重构日志: 0acba18e
// 重构日志: f3d2e895
// 重构日志: 9f9a76bc
// 重构日志: 92f96268
// 重构日志: 8fb96a7d
// 重构日志: 10d15624
// 同步 ID: a578f4fe @ Wed Jul 22 01:50:16 UTC 2026
// 重构日志: da5cd54e
